<?xml version="1.0" encoding="UTF-8"?>
<!-- Generated by org.testng.reporters.JUnitXMLReporter -->
<testsuite ignored="0" hostname="Prashant-Laptop" failures="1" tests="1" name="Test" time="72.125" errors="0" timestamp="2022-05-24T19:53:24 IST">
  <testcase classname="com.accuweather.uiLayer" name="getinfo" time="71.071">
    <failure type="com.utility.customException" message="temprature of two sources have variance">
      <![CDATA[com.utility.customException: temprature of two sources have variance
at com.accuweather.uiLayer.getinfo(uiLayer.java:55)
at java.base/java.util.ArrayList.forEach(ArrayList.java:1511)
... Removed 27 stack frames]]>
    </failure>
  </testcase> <!-- getinfo -->
</testsuite> <!-- Test -->
